生成启动时间为 2018/12/19 22:21:40。
     1>项目“F:\C\sort\sort\sort\sort.vcxproj”在节点 2 上(build 个目标)。
     1>InitializeBuildStatus:
         正在创建“Debug\sort.unsuccessfulbuild”，因为已指定“AlwaysCreate”。
       ClCompile:
         所有输出均为最新。
       ManifestResourceCompile:
         所有输出均为最新。
       Link:
         D:\vs2010\VC\bin\link.exe /ERRORREPORT:PROMPT /OUT:"F:\C\sort\sort\Debug\sort.exe" /INCREMENTAL /NOLOGO kernel32.lib user32.lib gdi32.lib winspool.lib comdlg32.lib advapi32.lib shell32.lib ole32.lib oleaut32.lib uuid.lib odbc32.lib odbccp32.lib /MANIFEST /ManifestFile:"Debug\sort.exe.intermediate.manifest" /MANIFESTUAC:"level='asInvoker' uiAccess='false'" /DEBUG /PDB:"F:\C\sort\sort\Debug\sort.pdb" /SUBSYSTEM:CONSOLE /TLBID:1 /DYNAMICBASE /NXCOMPAT /IMPLIB:"F:\C\sort\sort\Debug\sort.lib" /MACHINE:X86 Debug\sort.exe.embed.manifest.res
         Debug\sort.obj
       Manifest:
         C:\Program Files (x86)\Microsoft SDKs\Windows\v7.0A\bin\mt.exe /nologo /verbose /out:"Debug\sort.exe.embed.manifest" /manifest Debug\sort.exe.intermediate.manifest
         所有输出均为最新。
       LinkEmbedManifest:
         所有输出均为最新。
         sort.vcxproj -> F:\C\sort\sort\Debug\sort.exe
       FinalizeBuildStatus:
         正在删除文件“Debug\sort.unsuccessfulbuild”。
         正在对“Debug\sort.lastbuildstate”执行 Touch 任务。
     1>已完成生成项目“F:\C\sort\sort\sort\sort.vcxproj”(build 个目标)的操作。

生成成功。

已用时间 00:00:00.60
