生成启动时间为 2019/10/29 16:04:10。
     1>项目“F:\gitcode\C\interview\CfaceCode1\CfaceCode1\CfaceCode1.vcxproj”在节点 2 上(build 个目标)。
     1>InitializeBuildStatus:
         正在创建“Debug\CfaceCode1.unsuccessfulbuild”，因为已指定“AlwaysCreate”。
       ClCompile:
         所有输出均为最新。
         所有输出均为最新。
       ManifestResourceCompile:
         所有输出均为最新。
       Link:
         D:\vs2010\VC\bin\link.exe /ERRORREPORT:PROMPT /OUT:"F:\gitcode\C\interview\CfaceCode1\Debug\CfaceCode1.exe" /INCREMENTAL /NOLOGO kernel32.lib user32.lib gdi32.lib winspool.lib comdlg32.lib advapi32.lib shell32.lib ole32.lib oleaut32.lib uuid.lib odbc32.lib odbccp32.lib /NODEFAULTLIB:msvcrt.lib /MANIFEST /ManifestFile:"Debug\CfaceCode1.exe.intermediate.manifest" /MANIFESTUAC:"level='asInvoker' uiAccess='false'" /DEBUG /PDB:"F:\gitcode\C\interview\CfaceCode1\Debug\CfaceCode1.pdb" /SUBSYSTEM:CONSOLE /TLBID:1 /DYNAMICBASE /NXCOMPAT /IMPLIB:"F:\gitcode\C\interview\CfaceCode1\Debug\CfaceCode1.lib" /MACHINE:X86 Debug\CfaceCode1.exe.embed.manifest.res
         Debug\arraytest.obj
         Debug\bitTest.obj
         Debug\CfaceCode1.obj
         Debug\list.obj
         Debug\quickSort.obj
         Debug\stdafx.obj
         Debug\strToInt.obj
         Debug\huiWen.obj
       Manifest:
         C:\Program Files (x86)\Microsoft SDKs\Windows\v7.0A\bin\mt.exe /nologo /verbose /out:"Debug\CfaceCode1.exe.embed.manifest" /manifest Debug\CfaceCode1.exe.intermediate.manifest
         所有输出均为最新。
       LinkEmbedManifest:
         所有输出均为最新。
         CfaceCode1.vcxproj -> F:\gitcode\C\interview\CfaceCode1\Debug\CfaceCode1.exe
       FinalizeBuildStatus:
         正在删除文件“Debug\CfaceCode1.unsuccessfulbuild”。
         正在对“Debug\CfaceCode1.lastbuildstate”执行 Touch 任务。
     1>已完成生成项目“F:\gitcode\C\interview\CfaceCode1\CfaceCode1\CfaceCode1.vcxproj”(build 个目标)的操作。

生成成功。

已用时间 00:00:01.73
